#
# There is insufficient memory for the Java Runtime Environment to continue.
# Native memory allocation (malloc) failed to allocate 32744 bytes for Chunk::new
# Possible reasons:
#   The system is out of physical RAM or swap space
#   The process is running with CompressedOops enabled, and the Java Heap may be blocking the growth of the native heap
# Possible solutions:
#   Reduce memory load on the system
#   Increase physical memory or swap space
#   Check if swap backing store is full
#   Decrease Java heap size (-Xmx/-Xms)
#   Decrease number of Java threads
#   Decrease Java thread stack sizes (-Xss)
#   Set larger code cache with -XX:ReservedCodeCacheSize=
#   JVM is running with Unscaled Compressed Oops mode in which the Java heap is
#     placed in the first 4GB address space. The Java Heap base address is the
#     maximum limit for the native heap growth. Please use -XX:HeapBaseMinAddress
#     to set the Java Heap base and to place the Java Heap above 4GB virtual address.
# This output file may be truncated or incomplete.
#
#  Out of Memory Error (arena.cpp:168), pid=19004, tid=736
#
# JRE version: Java(TM) SE Runtime Environment (21.0.2+13) (build 21.0.2+13-LTS-58)
# Java VM: Java HotSpot(TM) 64-Bit Server VM (21.0.2+13-LTS-58, mixed mode, sharing, tiered, compressed oops, compressed class ptrs, g1 gc, windows-amd64)
# No core dump will be written. Minidumps are not enabled by default on client versions of Windows
#

---------------  S U M M A R Y ------------

Command Line: -Dfile.encoding=UTF-8 -Dstdout.encoding=UTF-8 -Dstderr.encoding=UTF-8 -XX:+ShowCodeDetailsInExceptionMessages clientrmi.Client

Host: 11th Gen Intel(R) Core(TM) i5-11300H @ 3.10GHz, 8 cores, 7G,  Windows 10 , 64 bit Build 19041 (10.0.19041.3636)
Time: Wed Jul 24 09:29:47 2024 SE Asia Standard Time elapsed time: 0.387403 seconds (0d 0h 0m 0s)

---------------  T H R E A D  ---------------

Current thread (0x000002280c636b30):  JavaThread "C2 CompilerThread1" daemon [_thread_in_native, id=736, stack(0x000000b436800000,0x000000b436900000) (1024K)]


Current CompileTask:
C2:    387  601 %     4       java.util.Properties$LineReader::readLine @ 53 (584 bytes)

Stack: [0x000000b436800000,0x000000b436900000]
Native frames: (J=compiled Java code, j=interpreted, Vv=VM code, C=native code)
V  [jvm.dll+0x6cade9]
V  [jvm.dll+0x8569c1]
V  [jvm.dll+0x858d2e]
V  [jvm.dll+0x859413]
V  [jvm.dll+0x280e56]
V  [jvm.dll+0xc3f3d]
V  [jvm.dll+0xc4473]
V  [jvm.dll+0x3bb62d]
V  [jvm.dll+0x3bacd1]
V  [jvm.dll+0x3bad14]
V  [jvm.dll+0x5d58bb]
V  [jvm.dll+0x5d6075]
V  [jvm.dll+0x382884]
V  [jvm.dll+0x381cca]
V  [jvm.dll+0x249bd0]
V  [jvm.dll+0x2491b1]
V  [jvm.dll+0x1c9634]
V  [jvm.dll+0x258859]
V  [jvm.dll+0x256e3a]
V  [jvm.dll+0x3ef6c6]
V  [jvm.dll+0x7ff568]
V  [jvm.dll+0x6c953d]
C  [ucrtbase.dll+0x21bb2]
C  [KERNEL32.DLL+0x17344]
C  [ntdll.dll+0x526b1]


---------------  P R O C E S S  ---------------

Threads class SMR info:
_java_thread_list=0x000002280b3c7780, length=17, elements={
0x00000227c5ace960, 0x00000227c5acf3c0, 0x00000227c5ad1240, 0x00000227c5ad1ca0,
0x00000227c5ad2700, 0x00000227c5ad3160, 0x00000227c5addf10, 0x00000227c5ade9b0,
0x000002280b17d7e0, 0x000002280b183480, 0x000002280b306ac0, 0x000002280b312170,
0x000002280b316c10, 0x000002280b327320, 0x00000227a704c170, 0x000002280b3a4420,
0x000002280c636b30
}

Java Threads: ( => current thread )
  0x00000227c5ace960 JavaThread "Reference Handler"          daemon [_thread_blocked, id=21044, stack(0x000000b435900000,0x000000b435a00000) (1024K)]
  0x00000227c5acf3c0 JavaThread "Finalizer"                  daemon [_thread_blocked, id=15540, stack(0x000000b435a00000,0x000000b435b00000) (1024K)]
  0x00000227c5ad1240 JavaThread "Signal Dispatcher"          daemon [_thread_blocked, id=5352, stack(0x000000b435b00000,0x000000b435c00000) (1024K)]
  0x00000227c5ad1ca0 JavaThread "Attach Listener"            daemon [_thread_blocked, id=13580, stack(0x000000b435c00000,0x000000b435d00000) (1024K)]
  0x00000227c5ad2700 JavaThread "Service Thread"             daemon [_thread_blocked, id=15424, stack(0x000000b435d00000,0x000000b435e00000) (1024K)]
  0x00000227c5ad3160 JavaThread "Monitor Deflation Thread"   daemon [_thread_blocked, id=7952, stack(0x000000b435e00000,0x000000b435f00000) (1024K)]
  0x00000227c5addf10 JavaThread "C2 CompilerThread0"         daemon [_thread_in_native, id=20816, stack(0x000000b435f00000,0x000000b436000000) (1024K)]
  0x00000227c5ade9b0 JavaThread "C1 CompilerThread0"         daemon [_thread_in_native, id=5004, stack(0x000000b436000000,0x000000b436100000) (1024K)]
  0x000002280b17d7e0 JavaThread "Notification Thread"        daemon [_thread_blocked, id=13156, stack(0x000000b436100000,0x000000b436200000) (1024K)]
  0x000002280b183480 JavaThread "Common-Cleaner"             daemon [_thread_blocked, id=8544, stack(0x000000b436200000,0x000000b436300000) (1024K)]
  0x000002280b306ac0 JavaThread "Java2D Disposer"            daemon [_thread_blocked, id=14656, stack(0x000000b436300000,0x000000b436400000) (1024K)]
  0x000002280b312170 JavaThread "AWT-Shutdown"                      [_thread_blocked, id=21016, stack(0x000000b436400000,0x000000b436500000) (1024K)]
  0x000002280b316c10 JavaThread "AWT-Windows"                daemon [_thread_in_native, id=15640, stack(0x000000b436500000,0x000000b436600000) (1024K)]
  0x000002280b327320 JavaThread "AWT-EventQueue-0"                  [_thread_in_vm, id=20828, stack(0x000000b436600000,0x000000b436700000) (1024K)]
  0x00000227a704c170 JavaThread "DestroyJavaVM"                     [_thread_blocked, id=16008, stack(0x000000b435100000,0x000000b435200000) (1024K)]
  0x000002280b3a4420 JavaThread "mysql-cj-abandoned-connection-cleanup" daemon [_thread_blocked, id=9232, stack(0x000000b436700000,0x000000b436800000) (1024K)]
=>0x000002280c636b30 JavaThread "C2 CompilerThread1"         daemon [_thread_in_native, id=736, stack(0x000000b436800000,0x000000b436900000) (1024K)]
Total: 17

Other Threads:
  0x00000227c5aae040 VMThread "VM Thread"                           [id=14252, stack(0x000000b435800000,0x000000b435900000) (1024K)]
  0x00000227c5a97e10 WatcherThread "VM Periodic Task Thread"        [id=2000, stack(0x000000b435700000,0x000000b435800000) (1024K)]
  0x00000227a929f7d0 WorkerThread "GC Thread#0"                     [id=2832, stack(0x000000b435200000,0x000000b435300000) (1024K)]
  0x00000227a92b0ed0 ConcurrentGCThread "G1 Main Marker"            [id=22332, stack(0x000000b435300000,0x000000b435400000) (1024K)]
  0x00000227a92b18e0 WorkerThread "G1 Conc#0"                       [id=20380, stack(0x000000b435400000,0x000000b435500000) (1024K)]
  0x00000227a931ea70 ConcurrentGCThread "G1 Refine#0"               [id=14396, stack(0x000000b435500000,0x000000b435600000) (1024K)]
  0x00000227c5967640 ConcurrentGCThread "G1 Service"                [id=17756, stack(0x000000b435600000,0x000000b435700000) (1024K)]
Total: 7

Threads with active compile tasks:
C2 CompilerThread0      428  632       4       java.lang.StringLatin1::inflate (34 bytes)
C1 CompilerThread0      428  619       3       jdk.internal.org.objectweb.asm.MethodWriter::visitFieldInsn (258 bytes)
C2 CompilerThread1      428  601 %     4       java.util.Properties$LineReader::readLine @ 53 (584 bytes)
Total: 3

VM state: not at safepoint (normal execution)

VM Mutex/Monitor currently owned by a thread:  ([mutex/lock_event])
[0x00007ffde493ace8] Metaspace_lock - owner thread: 0x000002280b327320

Heap address: 0x0000000084000000, size: 1984 MB, Compressed Oops mode: 32-bit

CDS archive(s) mapped at: [0x00000227c6000000-0x00000227c6c90000-0x00000227c6c90000), size 13172736, SharedBaseAddress: 0x00000227c6000000, ArchiveRelocationMode: 1.
Compressed class space mapped at: 0x00000227c7000000-0x0000022807000000, reserved size: 1073741824
Narrow klass base: 0x00000227c6000000, Narrow klass shift: 0, Narrow klass range: 0x100000000

GC Precious Log:
 CardTable entry size: 512
 Card Set container configuration: InlinePtr #cards 5 size 8 Array Of Cards #cards 12 size 40 Howl #buckets 4 coarsen threshold 1843 Howl Bitmap #cards 512 size 80 coarsen threshold 460 Card regions per heap region 1 cards per card region 2048
 CPUs: 8 total, 8 available
 Memory: 7930M
 Large Page Support: Disabled
 NUMA Support: Disabled
 Compressed Oops: Enabled (32-bit)
 Heap Region Size: 1M
 Heap Min Capacity: 8M
 Heap Initial Capacity: 124M
 Heap Max Capacity: 1984M
 Pre-touch: Disabled
 Parallel Workers: 8
 Concurrent Workers: 2
 Concurrent Refinement Workers: 8
 Periodic GC: Disabled

Heap:
 garbage-first heap   total 126976K, used 7168K [0x0000000084000000, 0x0000000100000000)
  region size 1024K, 8 young (8192K), 0 survivors (0K)
 Metaspace       used 6702K, committed 6912K, reserved 1114112K
  class space    used 726K, committed 832K, reserved 1048576K

Heap Regions: E=young(eden), S=young(survivor), O=old, HS=humongous(starts), HC=humongous(continues), CS=collection set, F=free, TAMS=top-at-mark-start, PB=parsable bottom
|   0|0x0000000084000000, 0x0000000084000000, 0x0000000084100000|  0%| F|  |TAMS 0x0000000084000000| PB 0x0000000084000000| Untracked 
|   1|0x0000000084100000, 0x0000000084100000, 0x0000000084200000|  0%| F|  |TAMS 0x0000000084100000| PB 0x0000000084100000| Untracked 
|   2|0x0000000084200000, 0x0000000084200000, 0x0000000084300000|  0%| F|  |TAMS 0x0000000084200000| PB 0x0000000084200000| Untracked 
|   3|0x0000000084300000, 0x0000000084300000, 0x0000000084400000|  0%| F|  |TAMS 0x0000000084300000| PB 0x0000000084300000| Untracked 
|   4|0x0000000084400000, 0x0000000084400000, 0x0000000084500000|  0%| F|  |TAMS 0x0000000084400000| PB 0x0000000084400000| Untracked 
|   5|0x0000000084500000, 0x0000000084500000, 0x0000000084600000|  0%| F|  |TAMS 0x0000000084500000| PB 0x0000000084500000| Untracked 
|   6|0x0000000084600000, 0x0000000084600000, 0x0000000084700000|  0%| F|  |TAMS 0x0000000084600000| PB 0x0000000084600000| Untracked 
|   7|0x0000000084700000, 0x0000000084700000, 0x0000000084800000|  0%| F|  |TAMS 0x0000000084700000| PB 0x0000000084700000| Untracked 
|   8|0x0000000084800000, 0x0000000084800000, 0x0000000084900000|  0%| F|  |TAMS 0x0000000084800000| PB 0x0000000084800000| Untracked 
|   9|0x0000000084900000, 0x0000000084900000, 0x0000000084a00000|  0%| F|  |TAMS 0x0000000084900000| PB 0x0000000084900000| Untracked 
|  10|0x0000000084a00000, 0x0000000084a00000, 0x0000000084b00000|  0%| F|  |TAMS 0x0000000084a00000| PB 0x0000000084a00000| Untracked 
|  11|0x0000000084b00000, 0x0000000084b00000, 0x0000000084c00000|  0%| F|  |TAMS 0x0000000084b00000| PB 0x0000000084b00000| Untracked 
|  12|0x0000000084c00000, 0x0000000084c00000, 0x0000000084d00000|  0%| F|  |TAMS 0x0000000084c00000| PB 0x0000000084c00000| Untracked 
|  13|0x0000000084d00000, 0x0000000084d00000, 0x0000000084e00000|  0%| F|  |TAMS 0x0000000084d00000| PB 0x0000000084d00000| Untracked 
|  14|0x0000000084e00000, 0x0000000084e00000, 0x0000000084f00000|  0%| F|  |TAMS 0x0000000084e00000| PB 0x0000000084e00000| Untracked 
|  15|0x0000000084f00000, 0x0000000084f00000, 0x0000000085000000|  0%| F|  |TAMS 0x0000000084f00000| PB 0x0000000084f00000| Untracked 
|  16|0x0000000085000000, 0x0000000085000000, 0x0000000085100000|  0%| F|  |TAMS 0x0000000085000000| PB 0x0000000085000000| Untracked 
|  17|0x0000000085100000, 0x0000000085100000, 0x0000000085200000|  0%| F|  |TAMS 0x0000000085100000| PB 0x0000000085100000| Untracked 
|  18|0x0000000085200000, 0x0000000085200000, 0x0000000085300000|  0%| F|  |TAMS 0x0000000085200000| PB 0x0000000085200000| Untracked 
|  19|0x0000000085300000, 0x0000000085300000, 0x0000000085400000|  0%| F|  |TAMS 0x0000000085300000| PB 0x0000000085300000| Untracked 
|  20|0x0000000085400000, 0x0000000085400000, 0x0000000085500000|  0%| F|  |TAMS 0x0000000085400000| PB 0x0000000085400000| Untracked 
|  21|0x0000000085500000, 0x0000000085500000, 0x0000000085600000|  0%| F|  |TAMS 0x0000000085500000| PB 0x0000000085500000| Untracked 
|  22|0x0000000085600000, 0x0000000085600000, 0x0000000085700000|  0%| F|  |TAMS 0x0000000085600000| PB 0x0000000085600000| Untracked 
|  23|0x0000000085700000, 0x0000000085700000, 0x0000000085800000|  0%| F|  |TAMS 0x0000000085700000| PB 0x0000000085700000| Untracked 
|  24|0x0000000085800000, 0x0000000085800000, 0x0000000085900000|  0%| F|  |TAMS 0x0000000085800000| PB 0x0000000085800000| Untracked 
|  25|0x0000000085900000, 0x0000000085900000, 0x0000000085a00000|  0%| F|  |TAMS 0x0000000085900000| PB 0x0000000085900000| Untracked 
|  26|0x0000000085a00000, 0x0000000085a00000, 0x0000000085b00000|  0%| F|  |TAMS 0x0000000085a00000| PB 0x0000000085a00000| Untracked 
|  27|0x0000000085b00000, 0x0000000085b00000, 0x0000000085c00000|  0%| F|  |TAMS 0x0000000085b00000| PB 0x0000000085b00000| Untracked 
|  28|0x0000000085c00000, 0x0000000085c00000, 0x0000000085d00000|  0%| F|  |TAMS 0x0000000085c00000| PB 0x0000000085c00000| Untracked 
|  29|0x0000000085d00000, 0x0000000085d00000, 0x0000000085e00000|  0%| F|  |TAMS 0x0000000085d00000| PB 0x0000000085d00000| Untracked 
|  30|0x0000000085e00000, 0x0000000085e00000, 0x0000000085f00000|  0%| F|  |TAMS 0x0000000085e00000| PB 0x0000000085e00000| Untracked 
|  31|0x0000000085f00000, 0x0000000085f00000, 0x0000000086000000|  0%| F|  |TAMS 0x0000000085f00000| PB 0x0000000085f00000| Untracked 
|  32|0x0000000086000000, 0x0000000086000000, 0x0000000086100000|  0%| F|  |TAMS 0x0000000086000000| PB 0x0000000086000000| Untracked 
|  33|0x0000000086100000, 0x0000000086100000, 0x0000000086200000|  0%| F|  |TAMS 0x0000000086100000| PB 0x0000000086100000| Untracked 
|  34|0x0000000086200000, 0x0000000086200000, 0x0000000086300000|  0%| F|  |TAMS 0x0000000086200000| PB 0x0000000086200000| Untracked 
|  35|0x0000000086300000, 0x0000000086300000, 0x0000000086400000|  0%| F|  |TAMS 0x0000000086300000| PB 0x0000000086300000| Untracked 
|  36|0x0000000086400000, 0x0000000086400000, 0x0000000086500000|  0%| F|  |TAMS 0x0000000086400000| PB 0x0000000086400000| Untracked 
|  37|0x0000000086500000, 0x0000000086500000, 0x0000000086600000|  0%| F|  |TAMS 0x0000000086500000| PB 0x0000000086500000| Untracked 
|  38|0x0000000086600000, 0x0000000086600000, 0x0000000086700000|  0%| F|  |TAMS 0x0000000086600000| PB 0x0000000086600000| Untracked 
|  39|0x0000000086700000, 0x0000000086700000, 0x0000000086800000|  0%| F|  |TAMS 0x0000000086700000| PB 0x0000000086700000| Untracked 
|  40|0x0000000086800000, 0x0000000086800000, 0x0000000086900000|  0%| F|  |TAMS 0x0000000086800000| PB 0x0000000086800000| Untracked 
|  41|0x0000000086900000, 0x0000000086900000, 0x0000000086a00000|  0%| F|  |TAMS 0x0000000086900000| PB 0x0000000086900000| Untracked 
|  42|0x0000000086a00000, 0x0000000086a00000, 0x0000000086b00000|  0%| F|  |TAMS 0x0000000086a00000| PB 0x0000000086a00000| Untracked 
|  43|0x0000000086b00000, 0x0000000086b00000, 0x0000000086c00000|  0%| F|  |TAMS 0x0000000086b00000| PB 0x0000000086b00000| Untracked 
|  44|0x0000000086c00000, 0x0000000086c00000, 0x0000000086d00000|  0%| F|  |TAMS 0x0000000086c00000| PB 0x0000000086c00000| Untracked 
|  45|0x0000000086d00000, 0x0000000086d00000, 0x0000000086e00000|  0%| F|  |TAMS 0x0000000086d00000| PB 0x0000000086d00000| Untracked 
|  46|0x0000000086e00000, 0x0000000086e00000, 0x0000000086f00000|  0%| F|  |TAMS 0x0000000086e00000| PB 0x0000000086e00000| Untracked 
|  47|0x0000000086f00000, 0x0000000086f00000, 0x0000000087000000|  0%| F|  |TAMS 0x0000000086f00000| PB 0x0000000086f00000| Untracked 
|  48|0x0000000087000000, 0x0000000087000000, 0x0000000087100000|  0%| F|  |TAMS 0x0000000087000000| PB 0x0000000087000000| Untracked 
|  49|0x0000000087100000, 0x0000000087100000, 0x0000000087200000|  0%| F|  |TAMS 0x0000000087100000| PB 0x0000000087100000| Untracked 
|  50|0x0000000087200000, 0x0000000087200000, 0x0000000087300000|  0%| F|  |TAMS 0x0000000087200000| PB 0x0000000087200000| Untracked 
|  51|0x0000000087300000, 0x0000000087300000, 0x0000000087400000|  0%| F|  |TAMS 0x0000000087300000| PB 0x0000000087300000| Untracked 
|  52|0x0000000087400000, 0x0000000087400000, 0x0000000087500000|  0%| F|  |TAMS 0x0000000087400000| PB 0x0000000087400000| Untracked 
|  53|0x0000000087500000, 0x0000000087500000, 0x0000000087600000|  0%| F|  |TAMS 0x0000000087500000| PB 0x0000000087500000| Untracked 
|  54|0x0000000087600000, 0x0000000087600000, 0x0000000087700000|  0%| F|  |TAMS 0x0000000087600000| PB 0x0000000087600000| Untracked 
|  55|0x0000000087700000, 0x0000000087700000, 0x0000000087800000|  0%| F|  |TAMS 0x0000000087700000| PB 0x0000000087700000| Untracked 
|  56|0x0000000087800000, 0x0000000087800000, 0x0000000087900000|  0%| F|  |TAMS 0x0000000087800000| PB 0x0000000087800000| Untracked 
|  57|0x0000000087900000, 0x0000000087900000, 0x0000000087a00000|  0%| F|  |TAMS 0x0000000087900000| PB 0x0000000087900000| Untracked 
|  58|0x0000000087a00000, 0x0000000087a00000, 0x0000000087b00000|  0%| F|  |TAMS 0x0000000087a00000| PB 0x0000000087a00000| Untracked 
|  59|0x0000000087b00000, 0x0000000087b00000, 0x0000000087c00000|  0%| F|  |TAMS 0x0000000087b00000| PB 0x0000000087b00000| Untracked 
|  60|0x0000000087c00000, 0x0000000087c00000, 0x0000000087d00000|  0%| F|  |TAMS 0x0000000087c00000| PB 0x0000000087c00000| Untracked 
|  61|0x0000000087d00000, 0x0000000087d00000, 0x0000000087e00000|  0%| F|  |TAMS 0x0000000087d00000| PB 0x0000000087d00000| Untracked 
|  62|0x0000000087e00000, 0x0000000087e00000, 0x0000000087f00000|  0%| F|  |TAMS 0x0000000087e00000| PB 0x0000000087e00000| Untracked 
|  63|0x0000000087f00000, 0x0000000087f00000, 0x0000000088000000|  0%| F|  |TAMS 0x0000000087f00000| PB 0x0000000087f00000| Untracked 
|  64|0x0000000088000000, 0x0000000088000000, 0x0000000088100000|  0%| F|  |TAMS 0x0000000088000000| PB 0x0000000088000000| Untracked 
|  65|0x0000000088100000, 0x0000000088100000, 0x0000000088200000|  0%| F|  |TAMS 0x0000000088100000| PB 0x0000000088100000| Untracked 
|  66|0x0000000088200000, 0x0000000088200000, 0x0000000088300000|  0%| F|  |TAMS 0x0000000088200000| PB 0x0000000088200000| Untracked 
|  67|0x0000000088300000, 0x0000000088300000, 0x0000000088400000|  0%| F|  |TAMS 0x0000000088300000| PB 0x0000000088300000| Untracked 
|  68|0x0000000088400000, 0x0000000088400000, 0x0000000088500000|  0%| F|  |TAMS 0x0000000088400000| PB 0x0000000088400000| Untracked 
|  69|0x0000000088500000, 0x0000000088500000, 0x0000000088600000|  0%| F|  |TAMS 0x0000000088500000| PB 0x0000000088500000| Untracked 
|  70|0x0000000088600000, 0x0000000088600000, 0x0000000088700000|  0%| F|  |TAMS 0x0000000088600000| PB 0x0000000088600000| Untracked 
|  71|0x0000000088700000, 0x0000000088700000, 0x0000000088800000|  0%| F|  |TAMS 0x0000000088700000| PB 0x0000000088700000| Untracked 
|  72|0x0000000088800000, 0x0000000088800000, 0x0000000088900000|  0%| F|  |TAMS 0x0000000088800000| PB 0x0000000088800000| Untracked 
|  73|0x0000000088900000, 0x0000000088900000, 0x0000000088a00000|  0%| F|  |TAMS 0x0000000088900000| PB 0x0000000088900000| Untracked 
|  74|0x0000000088a00000, 0x0000000088a00000, 0x0000000088b00000|  0%| F|  |TAMS 0x0000000088a00000| PB 0x0000000088a00000| Untracked 
|  75|0x0000000088b00000, 0x0000000088b00000, 0x0000000088c00000|  0%| F|  |TAMS 0x0000000088b00000| PB 0x0000000088b00000| Untracked 
|  76|0x0000000088c00000, 0x0000000088c00000, 0x0000000088d00000|  0%| F|  |TAMS 0x0000000088c00000| PB 0x0000000088c00000| Untracked 
|  77|0x0000000088d00000, 0x0000000088d00000, 0x0000000088e00000|  0%| F|  |TAMS 0x0000000088d00000| PB 0x0000000088d00000| Untracked 
|  78|0x0000000088e00000, 0x0000000088e00000, 0x0000000088f00000|  0%| F|  |TAMS 0x0000000088e00000| PB 0x0000000088e00000| Untracked 
|  79|0x0000000088f00000, 0x0000000088f00000, 0x0000000089000000|  0%| F|  |TAMS 0x0000000088f00000| PB 0x0000000088f00000| Untracked 
|  80|0x0000000089000000, 0x0000000089000000, 0x0000000089100000|  0%| F|  |TAMS 0x0000000089000000| PB 0x0000000089000000| Untracked 
|  81|0x0000000089100000, 0x0000000089100000, 0x0000000089200000|  0%| F|  |TAMS 0x0000000089100000| PB 0x0000000089100000| Untracked 
|  82|0x0000000089200000, 0x0000000089200000, 0x0000000089300000|  0%| F|  |TAMS 0x0000000089200000| PB 0x0000000089200000| Untracked 
|  83|0x0000000089300000, 0x0000000089300000, 0x0000000089400000|  0%| F|  |TAMS 0x0000000089300000| PB 0x0000000089300000| Untracked 
|  84|0x0000000089400000, 0x0000000089400000, 0x0000000089500000|  0%| F|  |TAMS 0x0000000089400000| PB 0x0000000089400000| Untracked 
|  85|0x0000000089500000, 0x0000000089500000, 0x0000000089600000|  0%| F|  |TAMS 0x0000000089500000| PB 0x0000000089500000| Untracked 
|  86|0x0000000089600000, 0x0000000089600000, 0x0000000089700000|  0%| F|  |TAMS 0x0000000089600000| PB 0x0000000089600000| Untracked 
|  87|0x0000000089700000, 0x0000000089700000, 0x0000000089800000|  0%| F|  |TAMS 0x0000000089700000| PB 0x0000000089700000| Untracked 
|  88|0x0000000089800000, 0x0000000089800000, 0x0000000089900000|  0%| F|  |TAMS 0x0000000089800000| PB 0x0000000089800000| Untracked 
|  89|0x0000000089900000, 0x0000000089900000, 0x0000000089a00000|  0%| F|  |TAMS 0x0000000089900000| PB 0x0000000089900000| Untracked 
|  90|0x0000000089a00000, 0x0000000089a00000, 0x0000000089b00000|  0%| F|  |TAMS 0x0000000089a00000| PB 0x0000000089a00000| Untracked 
|  91|0x0000000089b00000, 0x0000000089b00000, 0x0000000089c00000|  0%| F|  |TAMS 0x0000000089b00000| PB 0x0000000089b00000| Untracked 
|  92|0x0000000089c00000, 0x0000000089c00000, 0x0000000089d00000|  0%| F|  |TAMS 0x0000000089c00000| PB 0x0000000089c00000| Untracked 
|  93|0x0000000089d00000, 0x0000000089d00000, 0x0000000089e00000|  0%| F|  |TAMS 0x0000000089d00000| PB 0x0000000089d00000| Untracked 
|  94|0x0000000089e00000, 0x0000000089e00000, 0x0000000089f00000|  0%| F|  |TAMS 0x0000000089e00000| PB 0x0000000089e00000| Untracked 
|  95|0x0000000089f00000, 0x0000000089f00000, 0x000000008a000000|  0%| F|  |TAMS 0x0000000089f00000| PB 0x0000000089f00000| Untracked 
|  96|0x000000008a000000, 0x000000008a000000, 0x000000008a100000|  0%| F|  |TAMS 0x000000008a000000| PB 0x000000008a000000| Untracked 
|  97|0x000000008a100000, 0x000000008a100000, 0x000000008a200000|  0%| F|  |TAMS 0x000000008a100000| PB 0x000000008a100000| Untracked 
|  98|0x000000008a200000, 0x000000008a200000, 0x000000008a300000|  0%| F|  |TAMS 0x000000008a200000| PB 0x000000008a200000| Untracked 
|  99|0x000000008a300000, 0x000000008a300000, 0x000000008a400000|  0%| F|  |TAMS 0x000000008a300000| PB 0x000000008a300000| Untracked 
| 100|0x000000008a400000, 0x000000008a400000, 0x000000008a500000|  0%| F|  |TAMS 0x000000008a400000| PB 0x000000008a400000| Untracked 
| 101|0x000000008a500000, 0x000000008a500000, 0x000000008a600000|  0%| F|  |TAMS 0x000000008a500000| PB 0x000000008a500000| Untracked 
| 102|0x000000008a600000, 0x000000008a600000, 0x000000008a700000|  0%| F|  |TAMS 0x000000008a600000| PB 0x000000008a600000| Untracked 
| 103|0x000000008a700000, 0x000000008a700000, 0x000000008a800000|  0%| F|  |TAMS 0x000000008a700000| PB 0x000000008a700000| Untracked 
| 104|0x000000008a800000, 0x000000008a800000, 0x000000008a900000|  0%| F|  |TAMS 0x000000008a800000| PB 0x000000008a800000| Untracked 
| 105|0x000000008a900000, 0x000000008a900000, 0x000000008aa00000|  0%| F|  |TAMS 0x000000008a900000| PB 0x000000008a900000| Untracked 
| 106|0x000000008aa00000, 0x000000008aa00000, 0x000000008ab00000|  0%| F|  |TAMS 0x000000008aa00000| PB 0x000000008aa00000| Untracked 
| 107|0x000000008ab00000, 0x000000008ab00000, 0x000000008ac00000|  0%| F|  |TAMS 0x000000008ab00000| PB 0x000000008ab00000| Untracked 
| 108|0x000000008ac00000, 0x000000008ac00000, 0x000000008ad00000|  0%| F|  |TAMS 0x000000008ac00000| PB 0x000000008ac00000| Untracked 
| 109|0x000000008ad00000, 0x000000008ad00000, 0x000000008ae00000|  0%| F|  |TAMS 0x000000008ad00000| PB 0x000000008ad00000| Untracked 
| 110|0x000000008ae00000, 0x000000008ae00000, 0x000000008af00000|  0%| F|  |TAMS 0x000000008ae00000| PB 0x000000008ae00000| Untracked 
| 111|0x000000008af00000, 0x000000008af00000, 0x000000008b000000|  0%| F|  |TAMS 0x000000008af00000| PB 0x000000008af00000| Untracked 
| 112|0x000000008b000000, 0x000000008b000000, 0x000000008b100000|  0%| F|  |TAMS 0x000000008b000000| PB 0x000000008b000000| Untracked 
| 113|0x000000008b100000, 0x000000008b100000, 0x000000008b200000|  0%| F|  |TAMS 0x000000008b100000| PB 0x000000008b100000| Untracked 
| 114|0x000000008b200000, 0x000000008b200000, 0x000000008b300000|  0%| F|  |TAMS 0x000000008b200000| PB 0x000000008b200000| Untracked 
| 115|0x000000008b300000, 0x000000008b300000, 0x000000008b400000|  0%| F|  |TAMS 0x000000008b300000| PB 0x000000008b300000| Untracked 
| 116|0x000000008b400000, 0x000000008b494a28, 0x000000008b500000| 58%| E|  |TAMS 0x000000008b400000| PB 0x000000008b400000| Complete 
| 117|0x000000008b500000, 0x000000008b600000, 0x000000008b600000|100%| E|CS|TAMS 0x000000008b500000| PB 0x000000008b500000| Complete 
| 118|0x000000008b600000, 0x000000008b700000, 0x000000008b700000|100%| E|CS|TAMS 0x000000008b600000| PB 0x000000008b600000| Complete 
| 119|0x000000008b700000, 0x000000008b800000, 0x000000008b800000|100%| E|CS|TAMS 0x000000008b700000| PB 0x000000008b700000| Complete 
| 120|0x000000008b800000, 0x000000008b900000, 0x000000008b900000|100%| E|CS|TAMS 0x000000008b800000| PB 0x000000008b800000| Complete 
| 121|0x000000008b900000, 0x000000008ba00000, 0x000000008ba00000|100%| E|CS|TAMS 0x000000008b900000| PB 0x000000008b900000| Complete 
| 122|0x000000008ba00000, 0x000000008bb00000, 0x000000008bb00000|100%| E|CS|TAMS 0x000000008ba00000| PB 0x000000008ba00000| Complete 
| 123|0x000000008bb00000, 0x000000008bc00000, 0x000000008bc00000|100%| E|CS|TAMS 0x000000008bb00000| PB 0x000000008bb00000| Complete 

Card table byte_map: [0x00000227c0de0000,0x00000227c11c0000] _byte_map_base: 0x00000227c09c0000

Marking Bits: (CMBitMap*) 0x00000227a92a0df0
 Bits: [0x00000227c11c0000, 0x00000227c30c0000)

Polling page: 0x00000227a8a20000

Metaspace:

Usage:
  Non-class:      5.84 MB used.
      Class:    726.83 KB used.
       Both:      6.55 MB used.

Virtual space:
  Non-class space:       64.00 MB reserved,       5.94 MB (  9%) committed,  1 nodes.
      Class space:        1.00 GB reserved,     832.00 KB ( <1%) committed,  1 nodes.
             Both:        1.06 GB reserved,       6.75 MB ( <1%) committed. 

Chunk freelists:
   Non-Class:  9.80 MB
       Class:  15.19 MB
        Both:  24.99 MB

MaxMetaspaceSize: unlimited
CompressedClassSpaceSize: 1.00 GB
Initial GC threshold: 21.00 MB
Current GC threshold: 21.00 MB
CDS: on
 - commit_granule_bytes: 65536.
 - commit_granule_words: 8192.
 - virtual_space_node_default_size: 8388608.
 - enlarge_chunks_in_place: 1.
 - use_allocation_guard: 0.


Internal statistics:

num_allocs_failed_limit: 0.
num_arena_births: 142.
num_arena_deaths: 0.
num_vsnodes_births: 2.
num_vsnodes_deaths: 0.
num_space_committed: 108.
num_space_uncommitted: 0.
num_chunks_returned_to_freelist: 0.
num_chunks_taken_from_freelist: 196.
num_chunk_merges: 0.
num_chunk_splits: 125.
num_chunks_enlarged: 73.
num_inconsistent_stats: 0.

CodeHeap 'non-profiled nmethods': size=120000Kb used=184Kb max_used=184Kb free=119815Kb
 bounds [0x00000227b9190000, 0x00000227b9400000, 0x00000227c06c0000]
CodeHeap 'profiled nmethods': size=120000Kb used=900Kb max_used=900Kb free=119099Kb
 bounds [0x00000227b16c0000, 0x00000227b1930000, 0x00000227b8bf0000]
CodeHeap 'non-nmethods': size=5760Kb used=1622Kb max_used=1637Kb free=4137Kb
 bounds [0x00000227b8bf0000, 0x00000227b8e60000, 0x00000227b9190000]
 total_blobs=1166 nmethods=617 adapters=454
 compilation: enabled
              stopped_count=0, restarted_count=0
 full_count=0

Compilation events (20 events):
Event: 0.378 Thread 0x00000227c5ade9b0 nmethod 608 0x00000227b179d610 code [0x00000227b179d7c0, 0x00000227b179da40]
Event: 0.378 Thread 0x00000227c5ade9b0  609       3       jdk.internal.loader.BuiltinClassLoader::moduleReaderFor (45 bytes)
Event: 0.378 Thread 0x00000227c5ade9b0 nmethod 609 0x00000227b179db10 code [0x00000227b179dd00, 0x00000227b179e388]
Event: 0.378 Thread 0x00000227c5ade9b0  610       3       jdk.internal.jimage.BasicImageReader::getLocationIndex (52 bytes)
Event: 0.378 Thread 0x00000227c5ade9b0 nmethod 610 0x00000227b179e510 code [0x00000227b179e720, 0x00000227b179ebb0]
Event: 0.378 Thread 0x00000227c5ade9b0  611       3       jdk.internal.jimage.ImageStringsReader::hashCode (8 bytes)
Event: 0.379 Thread 0x00000227c5ade9b0 nmethod 611 0x00000227b179ee10 code [0x00000227b179efc0, 0x00000227b179f180]
Event: 0.379 Thread 0x00000227c5ade9b0  612       3       jdk.internal.jimage.ImageReader::verifyLocation (14 bytes)
Event: 0.379 Thread 0x00000227c5ade9b0 nmethod 612 0x00000227b179f290 code [0x00000227b179f460, 0x00000227b179f7a0]
Event: 0.379 Thread 0x00000227c5ade9b0  613       3       jdk.internal.jimage.BasicImageReader::verifyLocation (39 bytes)
Event: 0.379 Thread 0x00000227c5ade9b0 nmethod 613 0x00000227b179f910 code [0x00000227b179fae0, 0x00000227b179fdc0]
Event: 0.379 Thread 0x00000227c5ade9b0  614       3       jdk.internal.module.SystemModuleFinders$SystemModuleReader::containsImageLocation (42 bytes)
Event: 0.380 Thread 0x00000227c5ade9b0 nmethod 614 0x00000227b179ff10 code [0x00000227b17a0140, 0x00000227b17a07f0]
Event: 0.380 Thread 0x00000227c5ade9b0  616       1       java.net.URL::getRef (5 bytes)
Event: 0.380 Thread 0x00000227c5ade9b0 nmethod 616 0x00000227b91bc590 code [0x00000227b91bc720, 0x00000227b91bc7e8]
Event: 0.382 Thread 0x00000227c5ade9b0  617       1       java.net.URL::getPort (5 bytes)
Event: 0.382 Thread 0x00000227c5ade9b0 nmethod 617 0x00000227b91bc890 code [0x00000227b91bca20, 0x00000227b91bcae8]
Event: 0.383 Thread 0x00000227c5ade9b0  618       3       java.lang.invoke.LambdaForm::useCount (61 bytes)
Event: 0.384 Thread 0x00000227c5ade9b0 nmethod 618 0x00000227b17a0a90 code [0x00000227b17a0c60, 0x00000227b17a0fb8]
Event: 0.384 Thread 0x00000227c5ade9b0  619       3       jdk.internal.org.objectweb.asm.MethodWriter::visitFieldInsn (258 bytes)

GC Heap History (0 events):
No events

Dll operation events (7 events):
Event: 0.009 Loaded shared library C:\Program Files\Java\jdk-21\bin\java.dll
Event: 0.044 Loaded shared library C:\Program Files\Java\jdk-21\bin\jsvml.dll
Event: 0.069 Loaded shared library C:\Program Files\Java\jdk-21\bin\jimage.dll
Event: 0.087 Loaded shared library C:\Program Files\Java\jdk-21\bin\net.dll
Event: 0.088 Loaded shared library C:\Program Files\Java\jdk-21\bin\nio.dll
Event: 0.094 Loaded shared library C:\Program Files\Java\jdk-21\bin\zip.dll
Event: 0.122 Loaded shared library C:\Program Files\Java\jdk-21\bin\awt.dll

Deoptimization events (8 events):
Event: 0.288 Thread 0x000002280b327320 Uncommon trap: trap_request=0xffffff45 fr.pc=0x00000227b91b0e28 relative=0x0000000000000188
Event: 0.288 Thread 0x000002280b327320 Uncommon trap: reason=unstable_if action=reinterpret pc=0x00000227b91b0e28 method=java.lang.String.equals(Ljava/lang/Object;)Z @ 33 c2
Event: 0.288 Thread 0x000002280b327320 DEOPT PACKING pc=0x00000227b91b0e28 sp=0x000000b4366fec50
Event: 0.288 Thread 0x000002280b327320 DEOPT UNPACKING pc=0x00000227b8c47da2 sp=0x000000b4366febe0 mode 2
Event: 0.338 Thread 0x000002280b327320 DEOPT PACKING pc=0x00000227b16db078 sp=0x000000b4366fd2e0
Event: 0.338 Thread 0x000002280b327320 DEOPT UNPACKING pc=0x00000227b8c488e2 sp=0x000000b4366fc700 mode 0
Event: 0.355 Thread 0x000002280b327320 DEOPT PACKING pc=0x00000227b16d4cd8 sp=0x000000b4366fda40
Event: 0.355 Thread 0x000002280b327320 DEOPT UNPACKING pc=0x00000227b8c488e2 sp=0x000000b4366fcea8 mode 0

Classes loaded (20 events):
Event: 0.362 Loading class java/util/stream/SpinedBuffer
Event: 0.362 Loading class java/util/stream/AbstractSpinedBuffer
Event: 0.362 Loading class java/util/stream/AbstractSpinedBuffer done
Event: 0.362 Loading class java/util/stream/SpinedBuffer done
Event: 0.362 Loading class java/util/stream/Nodes$SpinedNodeBuilder done
Event: 0.363 Loading class java/util/ResourceBundle$Control$2
Event: 0.363 Loading class java/util/ResourceBundle$Control$2 done
Event: 0.364 Loading class java/util/PropertyResourceBundle
Event: 0.364 Loading class java/util/PropertyResourceBundle done
Event: 0.364 Loading class sun/util/PropertyResourceBundleCharset
Event: 0.364 Loading class sun/util/PropertyResourceBundleCharset done
Event: 0.364 Loading class sun/util/PropertyResourceBundleCharset$PropertiesFileDecoder
Event: 0.364 Loading class sun/util/PropertyResourceBundleCharset$PropertiesFileDecoder done
Event: 0.378 Loading class java/text/MessageFormat
Event: 0.379 Loading class java/text/MessageFormat done
Event: 0.379 Loading class java/math/BigDecimal
Event: 0.380 Loading class java/math/BigDecimal done
Event: 0.381 Loading class java/math/MathContext
Event: 0.382 Loading class java/math/MathContext done
Event: 0.384 Loading class java/util/Collections$UnmodifiableMap$UnmodifiableEntrySet

Classes unloaded (0 events):
No events

Classes redefined (0 events):
No events

Internal exceptions (11 events):
Event: 0.101 Thread 0x00000227a704c170 Exception <a 'java/lang/ClassNotFoundException'{0x000000008ba74f00}: sun/awt/resources/spi/awtProvider> (0x000000008ba74f00) 
thrown [s\open\src\hotspot\share\classfile\systemDictionary.cpp, line 312]
Event: 0.139 Thread 0x00000227a704c170 Exception <a 'java/io/FileNotFoundException'{0x000000008b944de0}> (0x000000008b944de0) 
thrown [s\open\src\hotspot\share\prims\jni.cpp, line 520]
Event: 0.148 Thread 0x00000227a704c170 Exception <a 'java/io/FileNotFoundException'{0x000000008b96ed78}> (0x000000008b96ed78) 
thrown [s\open\src\hotspot\share\prims\jni.cpp, line 520]
Event: 0.238 Thread 0x000002280b327320 Exception <a 'java/lang/NoSuchMethodError'{0x000000008b722688}: 'void java.lang.invoke.DirectMethodHandle$Holder.invokeSpecial(java.lang.Object, java.lang.Object, java.lang.Object)'> (0x000000008b722688) 
thrown [s\open\src\hotspot\share\interpreter\linkResolver.cpp, line 773]
Event: 0.246 Thread 0x000002280b327320 Exception <a 'java/lang/NoSuchMethodError'{0x000000008b747fa8}: 'java.lang.Object java.lang.invoke.DirectMethodHandle$Holder.newInvokeSpecial(java.lang.Object, java.lang.Object, java.lang.Object, java.lang.Object, java.lang.Object)'> (0x000000008b747fa8) 
thrown [s\open\src\hotspot\share\interpreter\linkResolver.cpp, line 773]
Event: 0.253 Thread 0x000002280b327320 Exception <a 'java/lang/NoSuchMethodError'{0x000000008b773b30}: 'java.lang.Object java.lang.invoke.DirectMethodHandle$Holder.invokeStatic(java.lang.Object, int, java.lang.Object)'> (0x000000008b773b30) 
thrown [s\open\src\hotspot\share\interpreter\linkResolver.cpp, line 773]
Event: 0.275 Thread 0x000002280b327320 Exception <a 'java/lang/ClassNotFoundException'{0x000000008b613898}: com/sun/swing/internal/plaf/metal/resources/spi/metalProvider> (0x000000008b613898) 
thrown [s\open\src\hotspot\share\classfile\systemDictionary.cpp, line 312]
Event: 0.277 Thread 0x000002280b327320 Exception <a 'java/lang/ClassNotFoundException'{0x000000008b6177d8}: com/sun/swing/internal/plaf/basic/resources/spi/basicProvider> (0x000000008b6177d8) 
thrown [s\open\src\hotspot\share\classfile\systemDictionary.cpp, line 312]
Event: 0.286 Thread 0x000002280b327320 Exception <a 'java/lang/NoSuchMethodError'{0x000000008b636fa0}: 'int java.lang.invoke.Invokers$Holder.invokeExact_MT(java.lang.Object, java.lang.Object)'> (0x000000008b636fa0) 
thrown [s\open\src\hotspot\share\interpreter\linkResolver.cpp, line 773]
Event: 0.335 Thread 0x000002280b327320 Exception <a 'java/lang/NoSuchMethodError'{0x000000008b6a5580}: 'void java.lang.invoke.DirectMethodHandle$Holder.invokeStatic(java.lang.Object, java.lang.Object)'> (0x000000008b6a5580) 
thrown [s\open\src\hotspot\share\interpreter\linkResolver.cpp, line 773]
Event: 0.360 Thread 0x000002280b327320 Exception <a 'java/lang/NoSuchMethodError'{0x000000008b563fe0}: 'java.lang.Object java.lang.invoke.DirectMethodHandle$Holder.invokeInterface(java.lang.Object, java.lang.Object)'> (0x000000008b563fe0) 
thrown [s\open\src\hotspot\share\interpreter\linkResolver.cpp, line 773]

ZGC Phase Switch (0 events):
No events

VM Operations (6 events):
Event: 0.275 Executing VM operation: HandshakeAllThreads (Deoptimize)
Event: 0.275 Executing VM operation: HandshakeAllThreads (Deoptimize) done
Event: 0.307 Executing VM operation: HandshakeAllThreads (Deoptimize)
Event: 0.307 Executing VM operation: HandshakeAllThreads (Deoptimize) done
Event: 0.310 Executing VM operation: HandshakeAllThreads (Deoptimize)
Event: 0.310 Executing VM operation: HandshakeAllThreads (Deoptimize) done

Events (19 events):
Event: 0.026 Thread 0x00000227a704c170 Thread added: 0x00000227a704c170
Event: 0.040 Thread 0x00000227c5ace960 Thread added: 0x00000227c5ace960
Event: 0.040 Thread 0x00000227c5acf3c0 Thread added: 0x00000227c5acf3c0
Event: 0.040 Thread 0x00000227c5ad1240 Thread added: 0x00000227c5ad1240
Event: 0.040 Thread 0x00000227c5ad1ca0 Thread added: 0x00000227c5ad1ca0
Event: 0.040 Thread 0x00000227c5ad2700 Thread added: 0x00000227c5ad2700
Event: 0.040 Thread 0x00000227c5ad3160 Thread added: 0x00000227c5ad3160
Event: 0.041 Thread 0x00000227c5addf10 Thread added: 0x00000227c5addf10
Event: 0.041 Thread 0x00000227c5ade9b0 Thread added: 0x00000227c5ade9b0
Event: 0.059 Thread 0x000002280b17d7e0 Thread added: 0x000002280b17d7e0
Event: 0.062 Thread 0x000002280b183480 Thread added: 0x000002280b183480
Event: 0.197 Thread 0x000002280b306ac0 Thread added: 0x000002280b306ac0
Event: 0.199 Thread 0x000002280b312170 Thread added: 0x000002280b312170
Event: 0.200 Thread 0x000002280b316c10 Thread added: 0x000002280b316c10
Event: 0.212 Thread 0x000002280b327320 Thread added: 0x000002280b327320
Event: 0.212 Thread 0x00000227a704c170 Thread exited: 0x00000227a704c170
Event: 0.212 Thread 0x00000227a704c170 Thread added: 0x00000227a704c170
Event: 0.335 Thread 0x000002280b3a4420 Thread added: 0x000002280b3a4420
Event: 0.372 Thread 0x000002280c636b30 Thread added: 0x000002280c636b30


Dynamic libraries:
0x00007ff76c790000 - 0x00007ff76c7a0000 	C:\Program Files\Java\jdk-21\bin\javaw.exe
0x00007ffe34650000 - 0x00007ffe34848000 	C:\Windows\SYSTEM32\ntdll.dll
0x00007ffe332c0000 - 0x00007ffe3337d000 	C:\Windows\System32\KERNEL32.DLL
0x00007ffe31dc0000 - 0x00007ffe320b6000 	C:\Windows\System32\KERNELBASE.dll
0x00007ffe324d0000 - 0x00007ffe325d0000 	C:\Windows\System32\ucrtbase.dll
0x00007ffe27a70000 - 0x00007ffe27a8b000 	C:\Program Files\Java\jdk-21\bin\VCRUNTIME140.dll
0x00007ffe27840000 - 0x00007ffe27859000 	C:\Program Files\Java\jdk-21\bin\jli.dll
0x00007ffe33fa0000 - 0x00007ffe34050000 	C:\Windows\System32\ADVAPI32.dll
0x00007ffe33440000 - 0x00007ffe334de000 	C:\Windows\System32\msvcrt.dll
0x00007ffe339d0000 - 0x00007ffe33a70000 	C:\Windows\System32\sechost.dll
0x00007ffe33e70000 - 0x00007ffe33f93000 	C:\Windows\System32\RPCRT4.dll
0x00007ffe31d00000 - 0x00007ffe31d27000 	C:\Windows\System32\bcrypt.dll
0x00007ffe33cd0000 - 0x00007ffe33e6f000 	C:\Windows\System32\USER32.dll
0x00007ffe32220000 - 0x00007ffe32242000 	C:\Windows\System32\win32u.dll
0x00007ffe32e80000 - 0x00007ffe32eab000 	C:\Windows\System32\GDI32.dll
0x00007ffe32250000 - 0x00007ffe32367000 	C:\Windows\System32\gdi32full.dll
0x00007ffe323e0000 - 0x00007ffe3247d000 	C:\Windows\System32\msvcp_win.dll
0x00007ffe0e7c0000 - 0x00007ffe0ea5a000 	C:\Windows\WinSxS\amd64_microsoft.windows.common-controls_6595b64144ccf1df_6.0.19041.4355_none_60b8b9eb71f62e16\COMCTL32.dll
0x00007ffe28630000 - 0x00007ffe2863a000 	C:\Windows\SYSTEM32\VERSION.dll
0x00007ffe333f0000 - 0x00007ffe33422000 	C:\Windows\System32\IMM32.DLL
0x00007ffe28cb0000 - 0x00007ffe28cbc000 	C:\Program Files\Java\jdk-21\bin\vcruntime140_1.dll
0x00007ffe04d50000 - 0x00007ffe04dde000 	C:\Program Files\Java\jdk-21\bin\msvcp140.dll
0x00007ffde3d00000 - 0x00007ffde4a17000 	C:\Program Files\Java\jdk-21\bin\server\jvm.dll
0x00007ffe344c0000 - 0x00007ffe3452b000 	C:\Windows\System32\WS2_32.dll
0x00007ffe26810000 - 0x00007ffe26837000 	C:\Windows\SYSTEM32\WINMM.dll
0x00007ffe31280000 - 0x00007ffe312cb000 	C:\Windows\SYSTEM32\POWRPROF.dll
0x00007ffe310f0000 - 0x00007ffe31102000 	C:\Windows\SYSTEM32\UMPDC.dll
0x00007ffe30540000 - 0x00007ffe30552000 	C:\Windows\SYSTEM32\kernel.appcore.dll
0x00007ffe2b5c0000 - 0x00007ffe2b5ca000 	C:\Program Files\Java\jdk-21\bin\jimage.dll
0x00007ffe2fa70000 - 0x00007ffe2fc54000 	C:\Windows\SYSTEM32\DBGHELP.DLL
0x00007ffe26620000 - 0x00007ffe26654000 	C:\Windows\SYSTEM32\dbgcore.DLL
0x00007ffe31d30000 - 0x00007ffe31db2000 	C:\Windows\System32\bcryptPrimitives.dll
0x00007ffe27ff0000 - 0x00007ffe2800f000 	C:\Program Files\Java\jdk-21\bin\java.dll
0x00007ffe32710000 - 0x00007ffe32e7b000 	C:\Windows\System32\SHELL32.dll
0x00007ffe2fd60000 - 0x00007ffe304fd000 	C:\Windows\SYSTEM32\windows.storage.dll
0x00007ffe34160000 - 0x00007ffe344b3000 	C:\Windows\System32\combase.dll
0x00007ffe31720000 - 0x00007ffe3174e000 	C:\Windows\SYSTEM32\Wldp.dll
0x00007ffe33ad0000 - 0x00007ffe33b9d000 	C:\Windows\System32\OLEAUT32.dll
0x00007ffe33040000 - 0x00007ffe330ed000 	C:\Windows\System32\SHCORE.dll
0x00007ffe33390000 - 0x00007ffe333e5000 	C:\Windows\System32\shlwapi.dll
0x00007ffe31c30000 - 0x00007ffe31c54000 	C:\Windows\SYSTEM32\profapi.dll
0x00007ffe1df90000 - 0x00007ffe1e067000 	C:\Program Files\Java\jdk-21\bin\jsvml.dll
0x00007ffe28210000 - 0x00007ffe28220000 	C:\Program Files\Java\jdk-21\bin\net.dll
0x00007ffe2bc50000 - 0x00007ffe2bd5a000 	C:\Windows\SYSTEM32\WINHTTP.dll
0x00007ffe31480000 - 0x00007ffe314ea000 	C:\Windows\system32\mswsock.dll
0x00007ffe25800000 - 0x00007ffe25816000 	C:\Program Files\Java\jdk-21\bin\nio.dll
0x00007ffe208b0000 - 0x00007ffe208c8000 	C:\Program Files\Java\jdk-21\bin\zip.dll
0x00007ffe03e50000 - 0x00007ffe03fdf000 	C:\Program Files\Java\jdk-21\bin\awt.dll
0x00007ffe2b0c0000 - 0x00007ffe2b150000 	C:\Windows\SYSTEM32\apphelp.dll
0x00007ffe2f0f0000 - 0x00007ffe2f18e000 	C:\Windows\system32\uxtheme.dll
0x00007ffe32eb0000 - 0x00007ffe32fc4000 	C:\Windows\System32\MSCTF.dll
0x00007ffe33ba0000 - 0x00007ffe33ccb000 	C:\Windows\System32\ole32.dll
0x00007ffe2f2d0000 - 0x00007ffe2f2ff000 	C:\Windows\system32\DWMAPI.DLL
0x00007ffe0f3b0000 - 0x00007ffe0f4d5000 	C:\Windows\system32\opengl32.dll
0x00007ffe25be0000 - 0x00007ffe25c0c000 	C:\Windows\SYSTEM32\GLU32.dll

dbghelp: loaded successfully - version: 4.0.5 - missing functions: none
symbol engine: initialized successfully - sym options: 0x614 - pdb path: .;C:\Program Files\Java\jdk-21\bin;C:\Windows\SYSTEM32;C:\Windows\WinSxS\amd64_microsoft.windows.common-controls_6595b64144ccf1df_6.0.19041.4355_none_60b8b9eb71f62e16;C:\Program Files\Java\jdk-21\bin\server

VM Arguments:
jvm_args: -Dfile.encoding=UTF-8 -Dstdout.encoding=UTF-8 -Dstderr.encoding=UTF-8 -XX:+ShowCodeDetailsInExceptionMessages 
java_command: clientrmi.Client
java_class_path (initial): D:\Thuchanh_Laptrinhmang\BTL demo\ClientRMI\bin;D:\Thuchanh_Laptrinhmang\BTL demo\InterfaceRMI\bin;C:\Program Files\Java\jre1.8.0_201\lib\ext\mysql-connector-j-8.3.0.jar
Launcher Type: SUN_STANDARD

[Global flags]
     intx CICompilerCount                          = 4                                         {product} {ergonomic}
     uint ConcGCThreads                            = 2                                         {product} {ergonomic}
     uint G1ConcRefinementThreads                  = 8                                         {product} {ergonomic}
   size_t G1HeapRegionSize                         = 1048576                                   {product} {ergonomic}
    uintx GCDrainStackTargetSize                   = 64                                        {product} {ergonomic}
   size_t InitialHeapSize                          = 130023424                                 {product} {ergonomic}
   size_t MarkStackSize                            = 4194304                                   {product} {ergonomic}
   size_t MaxHeapSize                              = 2080374784                                {product} {ergonomic}
   size_t MaxNewSize                               = 1247805440                                {product} {ergonomic}
   size_t MinHeapDeltaBytes                        = 1048576                                   {product} {ergonomic}
   size_t MinHeapSize                              = 8388608                                   {product} {ergonomic}
    uintx NonNMethodCodeHeapSize                   = 5839372                                {pd product} {ergonomic}
    uintx NonProfiledCodeHeapSize                  = 122909434                              {pd product} {ergonomic}
    uintx ProfiledCodeHeapSize                     = 122909434                              {pd product} {ergonomic}
    uintx ReservedCodeCacheSize                    = 251658240                              {pd product} {ergonomic}
     bool SegmentedCodeCache                       = true                                      {product} {ergonomic}
     bool ShowCodeDetailsInExceptionMessages       = true                                   {manageable} {command line}
   size_t SoftMaxHeapSize                          = 2080374784                             {manageable} {ergonomic}
     bool UseCompressedOops                        = true                           {product lp64_product} {ergonomic}
     bool UseG1GC                                  = true                                      {product} {ergonomic}
     bool UseLargePagesIndividualAllocation        = false                                  {pd product} {ergonomic}

Logging:
Log output configuration:
 #0: stdout all=warning uptime,level,tags foldmultilines=false
 #1: stderr all=off uptime,level,tags foldmultilines=false

Environment Variables:
JAVA_HOME=C:\Program Files\Java\jdk-21
PATH=C:/Program Files/Java/jdk-21/bin/server;C:/Program Files/Java/jdk-21/bin;C:\Program Files (x86)\VMware\VMware Workstation\bin\;C:\Program Files\Common Files\Oracle\Java\javapath;C:\Program Files (x86)\Common Files\Oracle\Java\javapath;C:\Windows\system32;C:\Windows;C:\Windows\System32\Wbem;C:\Windows\System32\WindowsPowerShell\v1.0\;C:\Windows\System32\OpenSSH\;C:\Program Files\Git\cmd;C:\Program Files\nodejs\;C:\hadoop-3.3.0\bin;C:\hadoop-3.3.0\sbin;C:\Program Files\gradle\gradle-8.5\bin;C:\Program Files\Java\jdk-21\bin;C:\Program Files (x86)\Microsoft SQL Server\160\Tools\Binn\;C:\Program Files\Microsoft SQL Server\160\Tools\Binn\;C:\Program Files\Microsoft SQL Server\Client SDK\ODBC\170\Tools\Binn\;C:\Program Files\Microsoft SQL Server\160\DTS\Binn\;C:\Program Files (x86)\Microsoft SQL Server\160\DTS\Binn\;C:\Program Files\Azure Data Studio\bin;C:\Program Files\Microsoft SQL Server\150\Tools\Binn\;C:\Program Files\dotnet\;C:\Users\NganNgo\AppData\Local\Programs\Python\Python311\Scripts\;C:\Users\NganNgo\AppData\Local\Programs\Python\Python311\;C:\Users\NganNgo\AppData\Local\Microsoft\WindowsApps;C:\Users\NganNgo\AppData\Local\Programs\Microsoft VS Code\bin;C:\Program Files\nodejs\npm;C:\hadoop-3.3.0\bin;C:\hadoop-3.3.0\sbin;;C:\Program Files\Azure Data Studio\bin;C:\Users\NganNgo\.dotnet\tools;C:\Windows\System32;
USERNAME=NganNgo
OS=Windows_NT
PROCESSOR_IDENTIFIER=Intel64 Family 6 Model 140 Stepping 1, GenuineIntel
TMP=C:\Users\NganNgo\AppData\Local\Temp
TEMP=C:\Users\NganNgo\AppData\Local\Temp




Periodic native trim disabled

---------------  S Y S T E M  ---------------

OS:
 Windows 10 , 64 bit Build 19041 (10.0.19041.3636)
OS uptime: 68 days 21:49 hours

CPU: total 8 (initial active 8) (4 cores per cpu, 2 threads per core) family 6 model 140 stepping 1 microcode 0xa4, cx8, cmov, fxsr, ht, mmx, 3dnowpref, sse, sse2, sse3, ssse3, sse4.1, sse4.2, popcnt, lzcnt, tsc, tscinvbit, avx, avx2, aes, erms, clmul, bmi1, bmi2, adx, avx512f, avx512dq, avx512cd, avx512bw, avx512vl, sha, fma, vzeroupper, avx512_vpopcntdq, avx512_vpclmulqdq, avx512_vaes, avx512_vnni, clflush, clflushopt, clwb, avx512_vbmi2, avx512_vbmi, rdtscp, rdpid, fsrm, gfni, avx512_bitalg, f16c, pku, cet_ibt, cet_ss, avx512_ifma
Processor Information for processor 0
  Max Mhz: 2611, Current Mhz: 2611, Mhz Limit: 2611
Processor Information for processor 1
  Max Mhz: 2611, Current Mhz: 2611, Mhz Limit: 2611
Processor Information for processor 2
  Max Mhz: 2611, Current Mhz: 2611, Mhz Limit: 2611
Processor Information for processor 3
  Max Mhz: 2611, Current Mhz: 2611, Mhz Limit: 2611
Processor Information for processor 4
  Max Mhz: 2611, Current Mhz: 1405, Mhz Limit: 2611
Processor Information for processor 5
  Max Mhz: 2611, Current Mhz: 2611, Mhz Limit: 2611
Processor Information for processor 6
  Max Mhz: 2611, Current Mhz: 2611, Mhz Limit: 2611
Processor Information for processor 7
  Max Mhz: 2611, Current Mhz: 1405, Mhz Limit: 2611

Memory: 4k page, system-wide physical 7930M (452M free)
TotalPageFile size 30940M (AvailPageFile size 0M)
current process WorkingSet (physical memory assigned to process): 57M, peak: 57M
current process commit charge ("private bytes"): 217M, peak: 217M

vm_info: Java HotSpot(TM) 64-Bit Server VM (21.0.2+13-LTS-58) for windows-amd64 JRE (21.0.2+13-LTS-58), built on 2024-01-05T18:32:24Z by "mach5one" with MS VC++ 17.1 (VS2022)

END.
