#
# There is insufficient memory for the Java Runtime Environment to continue.
# Native memory allocation (mmap) failed to map 130023424 bytes for G1 virtual space
# Possible reasons:
#   The system is out of physical RAM or swap space
#   The process is running with CompressedOops enabled, and the Java Heap may be blocking the growth of the native heap
# Possible solutions:
#   Reduce memory load on the system
#   Increase physical memory or swap space
#   Check if swap backing store is full
#   Decrease Java heap size (-Xmx/-Xms)
#   Decrease number of Java threads
#   Decrease Java thread stack sizes (-Xss)
#   Set larger code cache with -XX:ReservedCodeCacheSize=
#   JVM is running with Unscaled Compressed Oops mode in which the Java heap is
#     placed in the first 4GB address space. The Java Heap base address is the
#     maximum limit for the native heap growth. Please use -XX:HeapBaseMinAddress
#     to set the Java Heap base and to place the Java Heap above 4GB virtual address.
# This output file may be truncated or incomplete.
#
#  Out of Memory Error (os_windows.cpp:3600), pid=7736, tid=15296
#
# JRE version:  (21.0.2+13) (build )
# Java VM: Java HotSpot(TM) 64-Bit Server VM (21.0.2+13-LTS-58, mixed mode, sharing, tiered, compressed oops, compressed class ptrs, g1 gc, windows-amd64)
# No core dump will be written. Minidumps are not enabled by default on client versions of Windows
#

---------------  S U M M A R Y ------------

Command Line: -Dfile.encoding=UTF-8 -Dstdout.encoding=UTF-8 -Dstderr.encoding=UTF-8 -XX:+ShowCodeDetailsInExceptionMessages clientrmi.Client

Host: 11th Gen Intel(R) Core(TM) i5-11300H @ 3.10GHz, 8 cores, 7G,  Windows 10 , 64 bit Build 19041 (10.0.19041.3636)
Time: Wed Jul 24 09:56:37 2024 SE Asia Standard Time elapsed time: 0.012544 seconds (0d 0h 0m 0s)

---------------  T H R E A D  ---------------

Current thread (0x0000016b94a4efc0):  JavaThread "Unknown thread" [_thread_in_vm, id=15296, stack(0x0000005629400000,0x0000005629500000) (1024K)]

Stack: [0x0000005629400000,0x0000005629500000]
Native frames: (J=compiled Java code, j=interpreted, Vv=VM code, C=native code)
V  [jvm.dll+0x6cade9]
V  [jvm.dll+0x8569c1]
V  [jvm.dll+0x858d2e]
V  [jvm.dll+0x859413]
V  [jvm.dll+0x280e56]
V  [jvm.dll+0x6c74d5]
V  [jvm.dll+0x6bbeca]
V  [jvm.dll+0x355bca]
V  [jvm.dll+0x35d816]
V  [jvm.dll+0x3ae67e]
V  [jvm.dll+0x3ae928]
V  [jvm.dll+0x3295dc]
V  [jvm.dll+0x32a16b]
V  [jvm.dll+0x81efa9]
V  [jvm.dll+0x3bba01]
V  [jvm.dll+0x807928]
V  [jvm.dll+0x44f50e]
V  [jvm.dll+0x450e11]
C  [jli.dll+0x52a3]
C  [ucrtbase.dll+0x21bb2]
C  [KERNEL32.DLL+0x17344]
C  [ntdll.dll+0x526b1]


---------------  P R O C E S S  ---------------

Threads class SMR info:
_java_thread_list=0x00007ffde48cbb88, length=0, elements={
}

Java Threads: ( => current thread )
Total: 0

Other Threads:
  0x0000016b94a3d910 WorkerThread "GC Thread#0"                     [id=8392, stack(0x0000005629500000,0x0000005629600000) (1024K)]
  0x0000016b94bf1170 ConcurrentGCThread "G1 Main Marker"            [id=1876, stack(0x0000005629600000,0x0000005629700000) (1024K)]
  0x0000016b94a3e3f0 WorkerThread "G1 Conc#0"                       [id=4784, stack(0x0000005629700000,0x0000005629800000) (1024K)]

[error occurred during error reporting (printing all threads), id 0xc0000005, EXCEPTION_ACCESS_VIOLATION (0xc0000005) at pc=0x00007ffde403c6a7]
VM state: not at safepoint (not fully initialized)

VM Mutex/Monitor currently owned by a thread:  ([mutex/lock_event])
[0x00007ffde493ce68] Heap_lock - owner thread: 0x0000016b94a4efc0

Heap address: 0x0000000084000000, size: 1984 MB, Compressed Oops mode: 32-bit

CDS archive(s) mapped at: [0x0000000000000000-0x0000000000000000-0x0000000000000000), size 0, SharedBaseAddress: 0x0000000800000000, ArchiveRelocationMode: 1.
Narrow klass base: 0x0000000000000000, Narrow klass shift: 0, Narrow klass range: 0x0

GC Precious Log:
 CardTable entry size: 512
 Card Set container configuration: InlinePtr #cards 5 size 8 Array Of Cards #cards 12 size 40 Howl #buckets 4 coarsen threshold 1843 Howl Bitmap #cards 512 size 80 coarsen threshold 460 Card regions per heap region 1 cards per card region 2048

Heap:
 garbage-first heap   total 0K, used 0K [0x0000000084000000, 0x0000000100000000)
  region size 1024K, 0 young (0K), 0 survivors (0K)

[error occurred during error reporting (printing heap information), id 0xc0000005, EXCEPTION_ACCESS_VIOLATION (0xc0000005) at pc=0x00007ffde44239f9]
GC Heap History (0 events):
No events

Dll operation events (1 events):
Event: 0.007 Loaded shared library C:\Program Files\Java\jdk-21\bin\java.dll

Deoptimization events (0 events):
No events

Classes loaded (0 events):
No events

Classes unloaded (0 events):
No events

Classes redefined (0 events):
No events

Internal exceptions (0 events):
No events

ZGC Phase Switch (0 events):
No events

VM Operations (0 events):
No events

Events (0 events):
No events


Dynamic libraries:
0x00007ff76c790000 - 0x00007ff76c7a0000 	C:\Program Files\Java\jdk-21\bin\javaw.exe
0x00007ffe34650000 - 0x00007ffe34848000 	C:\Windows\SYSTEM32\ntdll.dll
0x00007ffe332c0000 - 0x00007ffe3337d000 	C:\Windows\System32\KERNEL32.DLL
0x00007ffe31dc0000 - 0x00007ffe320b6000 	C:\Windows\System32\KERNELBASE.dll
0x00007ffe324d0000 - 0x00007ffe325d0000 	C:\Windows\System32\ucrtbase.dll
0x00007ffe27a70000 - 0x00007ffe27a8b000 	C:\Program Files\Java\jdk-21\bin\VCRUNTIME140.dll
0x00007ffe27840000 - 0x00007ffe27859000 	C:\Program Files\Java\jdk-21\bin\jli.dll
0x00007ffe33fa0000 - 0x00007ffe34050000 	C:\Windows\System32\ADVAPI32.dll
0x00007ffe33440000 - 0x00007ffe334de000 	C:\Windows\System32\msvcrt.dll
0x00007ffe339d0000 - 0x00007ffe33a70000 	C:\Windows\System32\sechost.dll
0x00007ffe33e70000 - 0x00007ffe33f93000 	C:\Windows\System32\RPCRT4.dll
0x00007ffe31d00000 - 0x00007ffe31d27000 	C:\Windows\System32\bcrypt.dll
0x00007ffe33cd0000 - 0x00007ffe33e6f000 	C:\Windows\System32\USER32.dll
0x00007ffe32220000 - 0x00007ffe32242000 	C:\Windows\System32\win32u.dll
0x00007ffe0e7c0000 - 0x00007ffe0ea5a000 	C:\Windows\WinSxS\amd64_microsoft.windows.common-controls_6595b64144ccf1df_6.0.19041.4355_none_60b8b9eb71f62e16\COMCTL32.dll
0x00007ffe32e80000 - 0x00007ffe32eab000 	C:\Windows\System32\GDI32.dll
0x00007ffe32250000 - 0x00007ffe32367000 	C:\Windows\System32\gdi32full.dll
0x00007ffe323e0000 - 0x00007ffe3247d000 	C:\Windows\System32\msvcp_win.dll
0x00007ffe28630000 - 0x00007ffe2863a000 	C:\Windows\SYSTEM32\VERSION.dll
0x00007ffe333f0000 - 0x00007ffe33422000 	C:\Windows\System32\IMM32.DLL
0x00007ffe28cb0000 - 0x00007ffe28cbc000 	C:\Program Files\Java\jdk-21\bin\vcruntime140_1.dll
0x00007ffe04d50000 - 0x00007ffe04dde000 	C:\Program Files\Java\jdk-21\bin\msvcp140.dll
0x00007ffde3d00000 - 0x00007ffde4a17000 	C:\Program Files\Java\jdk-21\bin\server\jvm.dll
0x00007ffe344c0000 - 0x00007ffe3452b000 	C:\Windows\System32\WS2_32.dll
0x00007ffe31280000 - 0x00007ffe312cb000 	C:\Windows\SYSTEM32\POWRPROF.dll
0x00007ffe26810000 - 0x00007ffe26837000 	C:\Windows\SYSTEM32\WINMM.dll
0x00007ffe310f0000 - 0x00007ffe31102000 	C:\Windows\SYSTEM32\UMPDC.dll
0x00007ffe30540000 - 0x00007ffe30552000 	C:\Windows\SYSTEM32\kernel.appcore.dll
0x00007ffe2b5c0000 - 0x00007ffe2b5ca000 	C:\Program Files\Java\jdk-21\bin\jimage.dll
0x00007ffe2fa70000 - 0x00007ffe2fc54000 	C:\Windows\SYSTEM32\DBGHELP.DLL
0x00007ffe26620000 - 0x00007ffe26654000 	C:\Windows\SYSTEM32\dbgcore.DLL
0x00007ffe31d30000 - 0x00007ffe31db2000 	C:\Windows\System32\bcryptPrimitives.dll
0x00007ffe27ff0000 - 0x00007ffe2800f000 	C:\Program Files\Java\jdk-21\bin\java.dll

dbghelp: loaded successfully - version: 4.0.5 - missing functions: none
symbol engine: initialized successfully - sym options: 0x614 - pdb path: .;C:\Program Files\Java\jdk-21\bin;C:\Windows\SYSTEM32;C:\Windows\WinSxS\amd64_microsoft.windows.common-controls_6595b64144ccf1df_6.0.19041.4355_none_60b8b9eb71f62e16;C:\Program Files\Java\jdk-21\bin\server

VM Arguments:
jvm_args: -Dfile.encoding=UTF-8 -Dstdout.encoding=UTF-8 -Dstderr.encoding=UTF-8 -XX:+ShowCodeDetailsInExceptionMessages 
java_command: clientrmi.Client
java_class_path (initial): D:\Thuchanh_Laptrinhmang\BTL demo\ClientRMI\bin;D:\Thuchanh_Laptrinhmang\BTL demo\InterfaceRMI\bin;C:\Program Files\Java\jre1.8.0_201\lib\ext\mysql-connector-j-8.3.0.jar
Launcher Type: SUN_STANDARD

[Global flags]
     intx CICompilerCount                          = 4                                         {product} {ergonomic}
     uint ConcGCThreads                            = 2                                         {product} {ergonomic}
     uint G1ConcRefinementThreads                  = 8                                         {product} {ergonomic}
   size_t G1HeapRegionSize                         = 1048576                                   {product} {ergonomic}
    uintx GCDrainStackTargetSize                   = 64                                        {product} {ergonomic}
   size_t InitialHeapSize                          = 130023424                                 {product} {ergonomic}
   size_t MarkStackSize                            = 4194304                                   {product} {ergonomic}
   size_t MaxHeapSize                              = 2080374784                                {product} {ergonomic}
   size_t MinHeapDeltaBytes                        = 1048576                                   {product} {ergonomic}
   size_t MinHeapSize                              = 8388608                                   {product} {ergonomic}
    uintx NonNMethodCodeHeapSize                   = 5839372                                {pd product} {ergonomic}
    uintx NonProfiledCodeHeapSize                  = 122909434                              {pd product} {ergonomic}
    uintx ProfiledCodeHeapSize                     = 122909434                              {pd product} {ergonomic}
    uintx ReservedCodeCacheSize                    = 251658240                              {pd product} {ergonomic}
     bool SegmentedCodeCache                       = true                                      {product} {ergonomic}
     bool ShowCodeDetailsInExceptionMessages       = true                                   {manageable} {command line}
   size_t SoftMaxHeapSize                          = 2080374784                             {manageable} {ergonomic}
     bool UseCompressedOops                        = true                           {product lp64_product} {ergonomic}
     bool UseG1GC                                  = true                                      {product} {ergonomic}
     bool UseLargePagesIndividualAllocation        = false                                  {pd product} {ergonomic}

Logging:
Log output configuration:
 #0: stdout all=warning uptime,level,tags foldmultilines=false
 #1: stderr all=off uptime,level,tags foldmultilines=false

Environment Variables:
JAVA_HOME=C:\Program Files\Java\jdk-21
PATH=C:/Program Files/Java/jdk-21/bin/server;C:/Program Files/Java/jdk-21/bin;C:\Program Files (x86)\VMware\VMware Workstation\bin\;C:\Program Files\Common Files\Oracle\Java\javapath;C:\Program Files (x86)\Common Files\Oracle\Java\javapath;C:\Windows\system32;C:\Windows;C:\Windows\System32\Wbem;C:\Windows\System32\WindowsPowerShell\v1.0\;C:\Windows\System32\OpenSSH\;C:\Program Files\Git\cmd;C:\Program Files\nodejs\;C:\hadoop-3.3.0\bin;C:\hadoop-3.3.0\sbin;C:\Program Files\gradle\gradle-8.5\bin;C:\Program Files\Java\jdk-21\bin;C:\Program Files (x86)\Microsoft SQL Server\160\Tools\Binn\;C:\Program Files\Microsoft SQL Server\160\Tools\Binn\;C:\Program Files\Microsoft SQL Server\Client SDK\ODBC\170\Tools\Binn\;C:\Program Files\Microsoft SQL Server\160\DTS\Binn\;C:\Program Files (x86)\Microsoft SQL Server\160\DTS\Binn\;C:\Program Files\Azure Data Studio\bin;C:\Program Files\Microsoft SQL Server\150\Tools\Binn\;C:\Program Files\dotnet\;C:\Users\NganNgo\AppData\Local\Programs\Python\Python311\Scripts\;C:\Users\NganNgo\AppData\Local\Programs\Python\Python311\;C:\Users\NganNgo\AppData\Local\Microsoft\WindowsApps;C:\Users\NganNgo\AppData\Local\Programs\Microsoft VS Code\bin;C:\Program Files\nodejs\npm;C:\hadoop-3.3.0\bin;C:\hadoop-3.3.0\sbin;;C:\Program Files\Azure Data Studio\bin;C:\Users\NganNgo\.dotnet\tools;C:\Windows\System32;
USERNAME=NganNgo
OS=Windows_NT
PROCESSOR_IDENTIFIER=Intel64 Family 6 Model 140 Stepping 1, GenuineIntel
TMP=C:\Users\NganNgo\AppData\Local\Temp
TEMP=C:\Users\NganNgo\AppData\Local\Temp




Periodic native trim disabled

---------------  S Y S T E M  ---------------

OS:
 Windows 10 , 64 bit Build 19041 (10.0.19041.3636)
OS uptime: 68 days 22:16 hours

CPU: total 8 (initial active 8) (4 cores per cpu, 2 threads per core) family 6 model 140 stepping 1 microcode 0xa4, cx8, cmov, fxsr, ht, mmx, 3dnowpref, sse, sse2, sse3, ssse3, sse4.1, sse4.2, popcnt, lzcnt, tsc, tscinvbit, avx, avx2, aes, erms, clmul, bmi1, bmi2, adx, avx512f, avx512dq, avx512cd, avx512bw, avx512vl, sha, fma, vzeroupper, avx512_vpopcntdq, avx512_vpclmulqdq, avx512_vaes, avx512_vnni, clflush, clflushopt, clwb, avx512_vbmi2, avx512_vbmi, rdtscp, rdpid, fsrm, gfni, avx512_bitalg, f16c, pku, cet_ibt, cet_ss, avx512_ifma
Processor Information for processor 0
  Max Mhz: 2611, Current Mhz: 2611, Mhz Limit: 2611
Processor Information for processor 1
  Max Mhz: 2611, Current Mhz: 2611, Mhz Limit: 2611
Processor Information for processor 2
  Max Mhz: 2611, Current Mhz: 2611, Mhz Limit: 2611
Processor Information for processor 3
  Max Mhz: 2611, Current Mhz: 1405, Mhz Limit: 2611
Processor Information for processor 4
  Max Mhz: 2611, Current Mhz: 1405, Mhz Limit: 2611
Processor Information for processor 5
  Max Mhz: 2611, Current Mhz: 2611, Mhz Limit: 2611
Processor Information for processor 6
  Max Mhz: 2611, Current Mhz: 2611, Mhz Limit: 2611
Processor Information for processor 7
  Max Mhz: 2611, Current Mhz: 1405, Mhz Limit: 2611

Memory: 4k page, system-wide physical 7930M (754M free)
TotalPageFile size 30940M (AvailPageFile size 125M)
current process WorkingSet (physical memory assigned to process): 10M, peak: 10M
current process commit charge ("private bytes"): 60M, peak: 184M

vm_info: Java HotSpot(TM) 64-Bit Server VM (21.0.2+13-LTS-58) for windows-amd64 JRE (21.0.2+13-LTS-58), built on 2024-01-05T18:32:24Z by "mach5one" with MS VC++ 17.1 (VS2022)

END.
